utils/build/outputs/logs/manifest-merger-debug-report.txt
-- Merging decision tree log ---
manifest
ADDED from src\main\AndroidManifest.xml:1:1-23:12
INJECTED from src\main\AndroidManifest.xml:1:1-23:12
INJECTED from src\main\AndroidManifest.xml:1:1-23:12
INJECTED from src\main\AndroidManifest.xml:1:1-23:12
INJECTED from src\main\AndroidManifest.xml:1:1-23:12
INJECTED from src\main\AndroidManifest.xml:1:1-23:12
INJECTED from src\main\AndroidManifest.xml:1:1-23:12
	package
		ADDED from src\main\AndroidManifest.xml:2:11-39
		INJECTED from src\main\AndroidManifest.xml
		INJECTED from src\main\AndroidManifest.xml
	android:versionName
		INJECTED from src\main\AndroidManifest.xml
		ADDED from src\main\AndroidManifest.xml:1:1-23:12
		INJECTED from src\main\AndroidManifest.xml
	android:versionCode
		INJECTED from src\main\AndroidManifest.xml
		ADDED from src\main\AndroidManifest.xml:1:1-23:12
		INJECTED from src\main\AndroidManifest.xml
	xmlns:android
		ADDED from src\main\AndroidManifest.xml:1:11-69
application
ADDED from src\main\AndroidManifest.xml:5:5-21:19
activity#com.maqueezu.utils.ui.FragmentContainerActivity
ADDED from src\main\AndroidManifest.xml:6:9-8:57
	android:screenOrientation
		ADDED from src\main\AndroidManifest.xml:8:19-55
	android:configChanges
		ADDED from src\main\AndroidManifest.xml:7:19-90
	android:name
		ADDED from src\main\AndroidManifest.xml:6:19-63
activity#com.tencent.smtt.sdk.VideoActivity
ADDED from src\main\AndroidManifest.xml:10:9-20:20
	android:launchMode
		ADDED from src\main\AndroidManifest.xml:14:13-44
	android:exported
		ADDED from src\main\AndroidManifest.xml:13:13-37
	android:configChanges
		ADDED from src\main\AndroidManifest.xml:12:13-74
	android:alwaysRetainTaskState
		ADDED from src\main\AndroidManifest.xml:15:13-49
	android:name
		ADDED from src\main\AndroidManifest.xml:11:13-62
intent-filter#android.intent.category.DEFAULT+com.tencent.smtt.tbs.video.PLAY
ADDED from src\main\AndroidManifest.xml:16:13-19:29
action#com.tencent.smtt.tbs.video.PLAY
ADDED from src\main\AndroidManifest.xml:17:17-74
	android:name
		ADDED from src\main\AndroidManifest.xml:17:25-71
category#android.intent.category.DEFAULT
ADDED from src\main\AndroidManifest.xml:18:17-76
	android:name
		ADDED from src\main\AndroidManifest.xml:18:27-73
uses-sdk
INJECTED from src\main\AndroidManifest.xml reason: use-sdk injection requested
INJECTED from src\main\AndroidManifest.xml
INJECTED from src\main\AndroidManifest.xml
INJECTED from src\main\AndroidManifest.xml
INJECTED from src\main\AndroidManifest.xml
	android:targetSdkVersion
		INJECTED from src\main\AndroidManifest.xml
		ADDED from src\main\AndroidManifest.xml
		INJECTED from src\main\AndroidManifest.xml
	android:minSdkVersion
		INJECTED from src\main\AndroidManifest.xml
		ADDED from src\main\AndroidManifest.xml
		INJECTED from src\main\AndroidManifest.xml